QUERY0	M3/4M3L-A.pdb
QUERY0	HK/4HKG-A.pdb
QUERY0	JW/6JWF-A.pdb
QUERY0	S1/1S1N-A.pdb
QUERY0	T2/5T2V-A.pdb
QUERY0	GR/2GRF-A.pdb
QUERY0	MQ/2MQJ-A.pdb
QUERY0	X5/2X5F-A.pdb
QUERY0	EB/7EBO-A.pdb
QUERY0	GN/5GN8-B.pdb
QUERY0	QW/2QW5-A.pdb
QUERY0	JS/2JST-A.pdb
QUERY1	YG/6YGA-A.pdb
QUERY1	BW/3BWL-A.pdb
QUERY1	VL/1VL5-A.pdb
QUERY1	KM/5KMR-A.pdb
QUERY1	HC/4HCY-A.pdb
QUERY1	ST/7STT-A.pdb
QUERY1	Q6/6Q6G-R.pdb
QUERY1	G8/1G84-A.pdb
QUERY1	LR/3LR1-A.pdb
QUERY1	EH/2EH3-A.pdb
QUERY1	DL/6DLP-A.pdb
QUERY1	SP/6SPC-f.pdb
QUERY2	E3/3E3M-A.pdb
QUERY2	OM/3OM0-A.pdb
QUERY2	MD/3MDF-A.pdb
QUERY2	HA/5HAE-A.pdb
QUERY2	FS/3FSD-A.pdb
QUERY2	DO/2DO4-A.pdb
QUERY2	IU/1IUG-A.pdb
QUERY2	AR/7AR7-E.pdb
QUERY2	JH/7JH6-A.pdb
QUERY2	OX/2OX1-A.pdb
QUERY2	FH/4FHQ-A.pdb
QUERY2	CF/7CFZ-A.pdb
QUERY3	X0/7X0H-A.pdb
QUERY3	EZ/6EZ7-A.pdb
QUERY3	CG/6CGJ-A.pdb
QUERY3	IM/1IM3-D.pdb
QUERY3	GS/2GSJ-A.pdb
QUERY3	O9/2O9A-A.pdb
QUERY3	N5/6N5M-B.pdb
QUERY3	NN/5NNL-A.pdb
QUERY3	EA/7EAA-C.pdb
QUERY3	DA/2DAJ-A.pdb
QUERY3	IY/6IYY-A.pdb
QUERY3	F6/4F6C-A.pdb
QUERY4	O8/4O8N-A.pdb
QUERY4	IX/4IXO-A.pdb
QUERY4	LD/7LD3-R.pdb
QUERY4	UL/6ULB-A.pdb
QUERY4	UR/1URQ-A.pdb
QUERY4	DL/3DLI-A.pdb
QUERY4	DR/1DRO-A.pdb
QUERY4	K3/7K36-B.pdb
QUERY4	S4/3S42-A.pdb
QUERY4	P1/2P17-A.pdb
QUERY4	RP/3RPF-C.pdb
QUERY4	X9/4X9T-A.pdb
QUERY5	O5/2O57-A.pdb
QUERY5	MC/6MCJ-A.pdb
QUERY5	RG/2RGY-A.pdb
QUERY5	SH/7SHF-A.pdb
QUERY5	P4/7P47-D.pdb
QUERY5	H0/4H0M-B.pdb
QUERY5	Q5/2Q52-A.pdb
QUERY5	CC/3CCF-A.pdb
QUERY5	JL/6JLQ-C.pdb
QUERY5	SJ/7SJL-A.pdb
QUERY5	OF/6OFU-A.pdb
QUERY5	EF/4EFI-A.pdb
QUERY6	J9/5J96-A.pdb
QUERY6	FH/4FHZ-A.pdb
QUERY6	UZ/2UZZ-A.pdb
QUERY6	MP/5MPG-A.pdb
QUERY6	OV/3OV8-A.pdb
QUERY6	N3/1N31-A.pdb
QUERY6	EV/3EVZ-A.pdb
QUERY6	PI/6PI5-A.pdb
QUERY6	TH/5THQ-A.pdb
QUERY6	RT/1RTW-A.pdb
QUERY6	VB/6VBV-3.pdb
QUERY6	NU/5NUV-A.pdb
QUERY7	V6/7V6E-A.pdb
QUERY7	O8/6O8D-C.pdb
QUERY7	W7/4W7V-A.pdb
QUERY7	IM/4IMM-A.pdb
QUERY7	DY/5DYM-A.pdb
QUERY7	QR/2QRY-A.pdb
QUERY7	CQ/4CQ4-A.pdb
QUERY7	GO/3GOH-A.pdb
QUERY7	NL/7NL1-A.pdb
QUERY7	LZ/6LZ1-A.pdb
QUERY7	YS/5YSC-A.pdb
QUERY7	KF/2KFK-B.pdb
QUERY8	J7/5J73-A.pdb
QUERY8	NA/6NAS-N.pdb
QUERY8	TX/4TXO-A.pdb
QUERY8	H0/3H04-A.pdb
QUERY8	JC/6JCI-A.pdb
QUERY8	AJ/1AJ3-A.pdb
QUERY8	MW/5MWN-A.pdb
QUERY8	KF/1KFW-A.pdb
QUERY8	B4/2B4Q-A.pdb
QUERY8	MO/5MO9-X.pdb
QUERY8	I1/4I1D-A.pdb
QUERY8	DH/2DH2-A.pdb
QUERY9	P5/6P5Q-A.pdb
QUERY9	H4/5H4Z-A.pdb
QUERY9	JW/1JWW-A.pdb
QUERY9	Q0/6Q05-A.pdb
QUERY9	N9/5N9V-A.pdb
QUERY9	BC/4BC4-A.pdb
QUERY9	LE/4LEC-A.pdb
QUERY9	O1/3O1J-C.pdb
QUERY9	PJ/1PJA-A.pdb
QUERY9	JS/7JSH-A.pdb
QUERY9	QJ/2QJC-A.pdb
QUERY9	VA/6VAG-A.pdb
QUERY10	DE/6DE5-A.pdb
QUERY10	U1/4U19-A.pdb
QUERY10	DH/4DHX-A.pdb
QUERY10	KH/3KHT-A.pdb
QUERY10	CP/2CPH-A.pdb
QUERY10	KD/2KDG-A.pdb
QUERY10	VP/1VPA-A.pdb
QUERY10	O9/4O9B-A.pdb
QUERY10	P3/2P35-A.pdb
QUERY10	L8/5L8B-A.pdb
QUERY10	D4/8D41-A.pdb
QUERY10	IA/3IA1-A.pdb
