QUERY0	A5/3A5Y-A
QUERY0	AS/1ASZ-A
QUERY0	B8/1B8A-A
QUERY0	HG/5HGQ-A
QUERY0	P8/3P8T-A
QUERY0	PQ/6PQH-A
QUERY0	X5/1X54-A
QUERY1	GW/1GWS-A
QUERY2	Q9/3Q9S-A
QUERY2	AT/4ATI-A
QUERY2	EY/5EYO-A
QUERY2	G6/6G6J-A
QUERY2	GN/5GNJ-A
QUERY2	H1/4H10-A
QUERY2	H1/4H10-B
QUERY2	H7/5H72-A
QUERY2	HL/1HLO-A
QUERY2	MD/1MDY-B
QUERY2	NL/1NLW-A
QUERY2	QL/2QL2-A
QUERY3	A1/3A11-A
QUERY3	B0/5B04-A
QUERY3	B0/5B04-C
QUERY3	B0/5B04-G
QUERY3	D4/7D43-C
QUERY3	I3/6I3M-C
QUERY3	I3/6I3M-E
QUERY3	KM/7KMF-G
QUERY3	O8/6O81-E
QUERY3	VB/1VB5-A
QUERY3	A0/3A01-B
QUERY3	B7/1B72-A
